Using pre-set license
Built from '2020.3/staging' branch; Version is '2020.3.3f1 (76626098c1c4) revision 7758432'; Using compiler version '192528614'; Build Type 'Release'
OS: 'Windows 10 Home; OS build 19042.867; Version 2009; 64bit' Language: 'en' Physical Memory: 8075 MB
BatchMode: 1, IsHumanControllingUs: 0, StartBugReporterOnCrash: 0, Is64bit: 1, IsPro: 0

 COMMAND LINE ARGUMENTS:
C:\Program Files\Unity\Hub\Editor\2020.3.3f1\Editor\Unity.exe
-adb2
-batchMode
-noUpm
-name
AssetImportWorker0
-projectPath
D:/Personal Work/Unity Projects/Space-Combat
-logFile
Logs/AssetImportWorker0.log
-srvPort
49679
Successfully changed project path to: D:/Personal Work/Unity Projects/Space-Combat
D:/Personal Work/Unity Projects/Space-Combat
Using Asset Import Pipeline V2.
Refreshing native plugins compatible for Editor in 29.72 ms, found 0 plugins.
Preloading 0 native plugins for Editor in 0.00 ms.
Initialize engine version: 2020.3.3f1 (76626098c1c4)
[Subsystems] Discovering subsystems at path C:/Program Files/Unity/Hub/Editor/2020.3.3f1/Editor/Data/Resources/UnitySubsystems
[Subsystems] Discovering subsystems at path D:/Personal Work/Unity Projects/Space-Combat/Assets
GfxDevice: creating device client; threaded=0
Direct3D:
    Version:  Direct3D 11.0 [level 11.1]
    Renderer: NVIDIA GeForce GTX 1050 (ID=0x1c8d)
    Vendor:   
    VRAM:     4019 MB
    Driver:   26.21.14.4223
Initialize mono
Mono path[0] = 'C:/Program Files/Unity/Hub/Editor/2020.3.3f1/Editor/Data/Managed'
Mono path[1] = 'C:/Program Files/Unity/Hub/Editor/2020.3.3f1/Editor/Data/MonoBleedingEdge/lib/mono/unityjit'
Mono config path = 'C:/Program Files/Unity/Hub/Editor/2020.3.3f1/Editor/Data/MonoBleedingEdge/etc'
Using monoOptions --debugger-agent=transport=dt_socket,embedding=1,server=y,suspend=n,address=127.0.0.1:56388
Begin MonoManager ReloadAssembly
Registering precompiled unity dll's ...
Register platform support module: C:/Program Files/Unity/Hub/Editor/2020.3.3f1/Editor/Data/PlaybackEngines/WindowsStandaloneSupport/UnityEditor.WindowsStandalone.Extensions.dll
Registered in 0.002419 seconds.
Native extension for WindowsStandalone target not found
Refreshing native plugins compatible for Editor in 26.72 ms, found 0 plugins.
Preloading 0 native plugins for Editor in 0.00 ms.
Invoked RoslynAnalysisRunner static constructor.
RoslynAnalysisRunner will not be running.
RoslynAnalysisRunner has terminated.
Mono: successfully reloaded assembly
- Completed reload, in  1.192 seconds
Platform modules already initialized, skipping
Registering precompiled user dll's ...
Registered in 0.000741 seconds.
Begin MonoManager ReloadAssembly
Native extension for WindowsStandalone target not found
Refreshing native plugins compatible for Editor in 0.22 ms, found 0 plugins.
Preloading 0 native plugins for Editor in 0.00 ms.
Invoked RoslynAnalysisRunner static constructor.
RoslynAnalysisRunner will not be running.
RoslynAnalysisRunner has terminated.
Mono: successfully reloaded assembly
- Completed reload, in  1.068 seconds
Platform modules already initialized, skipping
========================================================================
Worker process is ready to serve import requests
Launched and connected shader compiler UnityShaderCompiler.exe after 0.06 seconds
Refreshing native plugins compatible for Editor in 0.20 ms, found 0 plugins.
Preloading 0 native plugins for Editor in 0.00 ms.
Unloading 1117 Unused Serialized files (Serialized files now loaded: 0)
System memory in use before: 57.1 MB.
System memory in use after: 57.2 MB.

Unloading 9 unused Assets to reduce memory usage. Loaded Objects now: 1561.
Total: 2.621600 ms (FindLiveObjects: 0.405700 ms CreateObjectMapping: 0.187900 ms MarkObjects: 1.917300 ms  DeleteObjects: 0.109200 ms)

========================================================================
Received Import Request.
  path: Assets/Models/Sparrow Ship/SparrowShip.fbx
  artifactKey: Guid(3426f7ac136d3124ead70ad2dd15ce7c) Importer(815301076,1909f56bfc062723c751e8b465ee728b)
Start importing Assets/Models/Sparrow Ship/SparrowShip.fbx using Guid(3426f7ac136d3124ead70ad2dd15ce7c) Importer(815301076,1909f56bfc062723c751e8b465ee728b)  -> (artifact id: 'bd4f14f70d71e40bc0f95c0107729c03') in 0.100479 seconds
  Import took 0.103714 seconds .

========================================================================
Received Import Request.
  Time since last request: 41.240575 seconds.
  path: Assets/Models/Sparrow Ship/SparrowShip.fbx
  artifactKey: Guid(3426f7ac136d3124ead70ad2dd15ce7c) Importer(815301076,1909f56bfc062723c751e8b465ee728b)
Start importing Assets/Models/Sparrow Ship/SparrowShip.fbx using Guid(3426f7ac136d3124ead70ad2dd15ce7c) Importer(815301076,1909f56bfc062723c751e8b465ee728b)  -> (artifact id: '29423c7e6967409ca84c988a7b68b159') in 0.186914 seconds
  Import took 0.189981 seconds .

========================================================================
Received Import Request.
  Time since last request: 45.688936 seconds.
  path: Assets/Models/Sparrow Ship
  artifactKey: Guid(f3594f70fb58d2d48856ab2d111bfeb2) Importer(815301076,1909f56bfc062723c751e8b465ee728b)
Start importing Assets/Models/Sparrow Ship using Guid(f3594f70fb58d2d48856ab2d111bfeb2) Importer(815301076,1909f56bfc062723c751e8b465ee728b)  -> (artifact id: '4d6cc092d3c45e9535cc5e1ae99416ee') in 0.014486 seconds
  Import took 0.021865 seconds .

========================================================================
Received Import Request.
  Time since last request: 29.215982 seconds.
  path: Assets/Models/Sparrow Ship/SparrowShip.fbx
  artifactKey: Guid(3426f7ac136d3124ead70ad2dd15ce7c) Importer(815301076,1909f56bfc062723c751e8b465ee728b)
Start importing Assets/Models/Sparrow Ship/SparrowShip.fbx using Guid(3426f7ac136d3124ead70ad2dd15ce7c) Importer(815301076,1909f56bfc062723c751e8b465ee728b)  -> (artifact id: '55e3899f2b5470968c8d8a9515d8000c') in 0.079778 seconds
  Import took 0.083977 seconds .

========================================================================
Received Import Request.
  Time since last request: 107.582533 seconds.
  path: Assets/Textures/ClashColor.png
  artifactKey: Guid(635d451d27220a74a9356f42a3c13138) Importer(815301076,1909f56bfc062723c751e8b465ee728b)
Start importing Assets/Textures/ClashColor.png using Guid(635d451d27220a74a9356f42a3c13138) Importer(815301076,1909f56bfc062723c751e8b465ee728b)  -> (artifact id: '2a9580d826b9aa348d6d18531c358fb2') in 0.423919 seconds
  Import took 0.450617 seconds .

========================================================================
Received Import Request.
  Time since last request: 2.813406 seconds.
  path: Assets/Textures/ClashColor.png
  artifactKey: Guid(635d451d27220a74a9356f42a3c13138) Importer(815301076,1909f56bfc062723c751e8b465ee728b)
Start importing Assets/Textures/ClashColor.png using Guid(635d451d27220a74a9356f42a3c13138) Importer(815301076,1909f56bfc062723c751e8b465ee728b)  -> (artifact id: '3331065a4aa443a518c109d21e69564f') in 0.085265 seconds
  Import took 0.102104 seconds .

========================================================================
Received Import Request.
  Time since last request: 4.761957 seconds.
  path: Assets/Textures/ClashColor.png
  artifactKey: Guid(635d451d27220a74a9356f42a3c13138) Importer(815301076,1909f56bfc062723c751e8b465ee728b)
Start importing Assets/Textures/ClashColor.png using Guid(635d451d27220a74a9356f42a3c13138) Importer(815301076,1909f56bfc062723c751e8b465ee728b)  -> (artifact id: '44c228bd24148fff6a12f175f2b0f37c') in 0.044452 seconds
  Import took 0.046789 seconds .

========================================================================
Received Import Request.
  Time since last request: 5.979591 seconds.
  path: Assets/Textures/ClashColor.png
  artifactKey: Guid(635d451d27220a74a9356f42a3c13138) Importer(815301076,1909f56bfc062723c751e8b465ee728b)
Start importing Assets/Textures/ClashColor.png using Guid(635d451d27220a74a9356f42a3c13138) Importer(815301076,1909f56bfc062723c751e8b465ee728b)  -> (artifact id: '47c27b622272cc8c51a76d26ef3da85e') in 0.355613 seconds
  Import took 0.359609 seconds .

========================================================================
Received Prepare
Registering precompiled user dll's ...
Registered in 0.000687 seconds.
Begin MonoManager ReloadAssembly
Native extension for WindowsStandalone target not found
Refreshing native plugins compatible for Editor in 0.28 ms, found 0 plugins.
Preloading 0 native plugins for Editor in 0.00 ms.
Invoked RoslynAnalysisRunner static constructor.
RoslynAnalysisRunner will not be running.
RoslynAnalysisRunner has terminated.
Mono: successfully reloaded assembly
- Completed reload, in  0.888 seconds
Platform modules already initialized, skipping
Refreshing native plugins compatible for Editor in 0.21 ms, found 0 plugins.
Preloading 0 native plugins for Editor in 0.00 ms.
Unloading 1112 Unused Serialized files (Serialized files now loaded: 0)
System memory in use before: 60.6 MB.
System memory in use after: 60.6 MB.

Unloading 4 unused Assets to reduce memory usage. Loaded Objects now: 1609.
Total: 2.335800 ms (FindLiveObjects: 0.173400 ms CreateObjectMapping: 0.104700 ms MarkObjects: 2.041700 ms  DeleteObjects: 0.015200 ms)

========================================================================
Received Import Request.
  Time since last request: 716.847485 seconds.
  path: Assets/Materials
  artifactKey: Guid(0a78cc90df8c5e048a4b777ff710dee0) Importer(815301076,1909f56bfc062723c751e8b465ee728b)
Start importing Assets/Materials using Guid(0a78cc90df8c5e048a4b777ff710dee0) Importer(815301076,1909f56bfc062723c751e8b465ee728b)  -> (artifact id: 'ed1bd63c269e2a1aec058f954f471632') in 0.015733 seconds
  Import took 0.020716 seconds .

========================================================================
Received Prepare
Registering precompiled user dll's ...
Registered in 0.000742 seconds.
Begin MonoManager ReloadAssembly
Native extension for WindowsStandalone target not found
Refreshing native plugins compatible for Editor in 0.21 ms, found 0 plugins.
Preloading 0 native plugins for Editor in 0.00 ms.
Invoked RoslynAnalysisRunner static constructor.
RoslynAnalysisRunner will not be running.
RoslynAnalysisRunner has terminated.
Mono: successfully reloaded assembly
- Completed reload, in  0.872 seconds
Platform modules already initialized, skipping
Refreshing native plugins compatible for Editor in 0.31 ms, found 0 plugins.
Preloading 0 native plugins for Editor in 0.00 ms.
Unloading 1112 Unused Serialized files (Serialized files now loaded: 0)
System memory in use before: 60.6 MB.
System memory in use after: 60.7 MB.

Unloading 4 unused Assets to reduce memory usage. Loaded Objects now: 1612.
Total: 1.842500 ms (FindLiveObjects: 0.220100 ms CreateObjectMapping: 0.059400 ms MarkObjects: 1.547300 ms  DeleteObjects: 0.014700 ms)

AssetImportWorkerClient::OnTransportError - code=2 error=End of file
